#
# A fatal error has been detected by the Java Runtime Environment:
#
#  EXCEPTION_ACCESS_VIOLATION (0xc0000005) at pc=0x000000005f0b6c14, pid=11164, tid=0x0000000000002710
#
# JRE version: OpenJDK Runtime Environment (8.0_265-b01) (build 1.8.0_265-b01)
# Java VM: OpenJDK 64-Bit Server VM (25.265-b01 mixed mode windows-amd64 compressed oops)
# Problematic frame:
# V  [jvm.dll+0x3d6c14]
#
# Failed to write core dump. Minidumps are not enabled by default on client versions of Windows
#
# If you would like to submit a bug report, please visit:
#   http://bugreport.java.com/bugreport/crash.jsp
#

---------------  T H R E A D  ---------------

Current thread (0x000001dafd92a800):  GCTaskThread [stack: 0x000000a296400000,0x000000a296500000] [id=10000]

siginfo: ExceptionCode=0xc0000005, reading address 0xffffffffffffffff

Registers:
RAX=0xe2aefd00f5c507c0, RBX=0x000000071b2948e0, RCX=0x0000000000000007, RDX=0x0000000000000000
RSP=0x000000a2964ff440, RBP=0x0000000000000002, RSI=0x000001dafff09e40, RDI=0x00000007ae283e00
R8 =0x00000000f8104d72, R9 =0x1fffffffffffffff, R10=0x00000007ae293bc8, R11=0x000000a2964ff4a0
R12=0xe2aefd00f5c507c2, R13=0x0000000000000000, R14=0x000001daff7938a3, R15=0x000001dafff09e40
RIP=0x000000005f0b6c14, EFLAGS=0x0000000000010286

Top of Stack: (sp=0x000000a2964ff440)
0x000000a2964ff440:   000000071b2948c8 0000000000000006
0x000000a2964ff450:   000001dafff09e40 000001dafd910640
0x000000a2964ff460:   000001da0000000f 000000005edc1f01
0x000000a2964ff470:   000001dafff09e68 00000007b16bf799
0x000000a2964ff480:   00000007b8b97fa8 0000000000001000
0x000000a2964ff490:   000000071b294630 0000000000000400
0x000000a2964ff4a0:   000001dafff09e40 000001daff7938a3
0x000000a2964ff4b0:   0000000000000000 000001dafd916a00
0x000000a2964ff4c0:   000000070c714608 000000005f0b6aa0
0x000000a2964ff4d0:   000000071b2948e0 000000a2964ff570
0x000000a2964ff4e0:   000001dafff09e40 000001daff784efa
0x000000a2964ff4f0:   000000071b2948e0 000000005f0b79ec
0x000000a2964ff500:   00000007ae13d630 000001dafff09e40
0x000000a2964ff510:   000000a2964ff570 00000007027d8135
0x000000a2964ff520:   00000007b16bf680 0000000000001000
0x000000a2964ff530:   00000007c0002178 000000005edc1f21 

Instructions: (pc=0x000000005f0b6c14)
0x000000005f0b6bf4:   48 8b 52 08 48 8b cf e8 50 93 cb ff 48 63 e8 41
0x000000005f0b6c04:   0f b6 c4 f6 d0 a8 01 74 0c 49 8b c4 48 83 e0 fd
0x000000005f0b6c14:   44 8b 30 eb 03 4d 8b f4 49 c1 ee 03 41 83 e6 0f
0x000000005f0b6c24:   44 3b 35 6d 0c 41 00 0f 83 8f 01 00 00 48 8b d5 


Register to memory mapping:

RAX=0xe2aefd00f5c507c0 is an unknown value
RBX=0x000000071b2948e0 is pointing into object: 0x000000071b2948c8
com.sun.tools.javac.code.Type$ClassType 
 - klass: 'com/sun/tools/javac/code/Type$ClassType'
RCX=0x0000000000000007 is an unknown value
RDX=0x0000000000000000 is an unknown value
RSP=0x000000a2964ff440 is an unknown value
RBP=0x0000000000000002 is an unknown value
RSI=0x000001dafff09e40 is an unknown value
RDI=0x00000007ae283e00 is an unknown value
R8 =0x00000000f8104d72 is an unknown value
R9 =0x1fffffffffffffff is an unknown value
R10=0x00000007ae293bc8 is an oop
com.sun.tools.javac.code.Symbol$MethodSymbol 
 - klass: 'com/sun/tools/javac/code/Symbol$MethodSymbol'
R11=0x000000a2964ff4a0 is an unknown value
R12=0xe2aefd00f5c507c2 is an unknown value
R13=0x0000000000000000 is an unknown value
R14=0x000001daff7938a3 is an unknown value
R15=0x000001dafff09e40 is an unknown value


Stack: [0x000000a296400000,0x000000a296500000],  sp=0x000000a2964ff440,  free space=1021k
Native frames: (J=compiled Java code, j=interpreted, Vv=VM code, C=native code)
V  [jvm.dll+0x3d6c14]
V  [jvm.dll+0x3d6aa0]
V  [jvm.dll+0x3d79ec]
V  [jvm.dll+0x3c79ce]
V  [jvm.dll+0x3da512]
V  [jvm.dll+0x3c8f4e]
V  [jvm.dll+0x263c6a]
C  [msvcr120.dll+0x24f7f]
C  [msvcr120.dll+0x25126]
C  [KERNEL32.DLL+0x16fd4]
C  [ntdll.dll+0x4cec1]


---------------  P R O C E S S  ---------------

Java Threads: ( => current thread )
  0x000001da9a8ac800 JavaThread "Cache worker for file content cache (C:\Users\Craig\Documents\Projects\Minecraft\Forge\Cyberman\Cybermen\.gradle\4.9\fileContent)" [_thread_blocked, id=6628, stack(0x000000a299700000,0x000000a299800000)]
  0x000001da9a8af000 JavaThread "Keep-Alive-Timer" daemon [_thread_blocked, id=13252, stack(0x000000a299600000,0x000000a299700000)]
  0x000001da9a8ab800 JavaThread "Build operations Thread 16" [_thread_blocked, id=4360, stack(0x000000a299500000,0x000000a299600000)]
  0x000001da9a8ae000 JavaThread "Build operations Thread 15" [_thread_blocked, id=540, stack(0x000000a299400000,0x000000a299500000)]
  0x000001da9dbd3000 JavaThread "Build operations Thread 14" [_thread_blocked, id=12900, stack(0x000000a299300000,0x000000a299400000)]
  0x000001da9dbd1800 JavaThread "Build operations Thread 13" [_thread_blocked, id=1720, stack(0x000000a299200000,0x000000a299300000)]
  0x000001da9dbd1000 JavaThread "Build operations Thread 12" [_thread_blocked, id=5916, stack(0x000000a299100000,0x000000a299200000)]
  0x000001da9dbcd800 JavaThread "Build operations Thread 11" [_thread_blocked, id=8400, stack(0x000000a299000000,0x000000a299100000)]
  0x000001da9dbce800 JavaThread "Build operations Thread 10" [_thread_blocked, id=1516, stack(0x000000a298f00000,0x000000a299000000)]
  0x000001da9dbc6000 JavaThread "Build operations Thread 9" [_thread_blocked, id=6596, stack(0x000000a298e00000,0x000000a298f00000)]
  0x000001da9dbcd000 JavaThread "Build operations Thread 8" [_thread_blocked, id=5156, stack(0x000000a298d00000,0x000000a298e00000)]
  0x000001da9dbcc000 JavaThread "Build operations Thread 7" [_thread_blocked, id=4464, stack(0x000000a298c00000,0x000000a298d00000)]
  0x000001da9dbca800 JavaThread "Build operations Thread 6" [_thread_blocked, id=656, stack(0x000000a298b00000,0x000000a298c00000)]
  0x000001da9dbc9000 JavaThread "Build operations Thread 5" [_thread_blocked, id=7488, stack(0x000000a298a00000,0x000000a298b00000)]
  0x000001da9dbc8800 JavaThread "Build operations Thread 4" [_thread_blocked, id=1992, stack(0x000000a298900000,0x000000a298a00000)]
  0x000001da9dbca000 JavaThread "Build operations Thread 3" [_thread_blocked, id=8020, stack(0x000000a298800000,0x000000a298900000)]
  0x000001da9dbc7800 JavaThread "Build operations Thread 2" [_thread_blocked, id=6652, stack(0x000000a298700000,0x000000a298800000)]
  0x000001da9dbcb800 JavaThread "Build operations" [_thread_blocked, id=6212, stack(0x000000a298600000,0x000000a298700000)]
  0x000001da9dbc5000 JavaThread "Cache worker for Artifact transforms cache (C:\Users\Craig\.gradle\caches\transforms-1)" [_thread_blocked, id=14312, stack(0x000000a298500000,0x000000a298600000)]
  0x000001da9dbc4800 JavaThread "Cache worker for cache directory md-rule (C:\Users\Craig\.gradle\caches\4.9\md-rule)" [_thread_blocked, id=13480, stack(0x000000a298200000,0x000000a298300000)]
  0x000001da9fce9000 JavaThread "Cache worker for cache directory md-supplier (C:\Users\Craig\.gradle\caches\4.9\md-supplier)" [_thread_blocked, id=1548, stack(0x000000a298100000,0x000000a298200000)]
  0x000001da9fce8800 JavaThread "Cache worker for file hash cache (C:\Users\Craig\Documents\Projects\Minecraft\Forge\Cyberman\Cybermen\.gradle\4.9\fileHashes)" [_thread_blocked, id=1420, stack(0x000000a298000000,0x000000a298100000)]
  0x000001da9fcea000 JavaThread "Stdin handler" [_thread_blocked, id=7892, stack(0x000000a297f00000,0x000000a298000000)]
  0x000001da9fce7800 JavaThread "Asynchronous log dispatcher for DefaultDaemonConnection: socket connection from /127.0.0.1:53383 to /127.0.0.1:53762" [_thread_blocked, id=9720, stack(0x000000a297e00000,0x000000a297f00000)]
  0x000001da9fcdd800 JavaThread "Daemon worker Thread 2" [_thread_blocked, id=5428, stack(0x000000a297d00000,0x000000a297e00000)]
  0x000001da9fce4800 JavaThread "Cancel handler" [_thread_blocked, id=8044, stack(0x000000a295900000,0x000000a295a00000)]
  0x000001da9fcdc800 JavaThread "Handler for socket connection from /127.0.0.1:53383 to /127.0.0.1:53762" [_thread_in_native, id=7188, stack(0x000000a295800000,0x000000a295900000)]
  0x000001da9fcdc000 JavaThread "Daemon Thread 2" [_thread_blocked, id=14504, stack(0x000000a295700000,0x000000a295800000)]
  0x000001da9fcde000 JavaThread "Cache worker for file content cache (C:\Users\Craig\.gradle\caches\4.9\fileContent)" [_thread_blocked, id=10376, stack(0x000000a299e00000,0x000000a299f00000)]
  0x000001da9dbd2800 JavaThread "Memory manager" [_thread_blocked, id=12872, stack(0x000000a299d00000,0x000000a299e00000)]
  0x000001da9a8ad000 JavaThread "File lock request listener" [_thread_in_native, id=932, stack(0x000000a298400000,0x000000a298500000)]
  0x000001da9a8ab000 JavaThread "Cache worker for file hash cache (C:\Users\Craig\.gradle\caches\4.9\fileHashes)" [_thread_blocked, id=1668, stack(0x000000a298300000,0x000000a298400000)]
  0x000001da98f90800 JavaThread "Daemon periodic checks" [_thread_blocked, id=12480, stack(0x000000a297c00000,0x000000a297d00000)]
  0x000001da98f92000 JavaThread "Incoming local TCP Connector on port 53383" [_thread_in_native, id=8408, stack(0x000000a297b00000,0x000000a297c00000)]
  0x000001da98f91800 JavaThread "Service Thread" daemon [_thread_blocked, id=13936, stack(0x000000a297900000,0x000000a297a00000)]
  0x000001da98f8c000 JavaThread "C1 CompilerThread11" daemon [_thread_blocked, id=2192, stack(0x000000a297800000,0x000000a297900000)]
  0x000001da98f93000 JavaThread "C1 CompilerThread10" daemon [_thread_blocked, id=13576, stack(0x000000a297700000,0x000000a297800000)]
  0x000001da98f8d800 JavaThread "C1 CompilerThread9" daemon [_thread_blocked, id=13116, stack(0x000000a297600000,0x000000a297700000)]
  0x000001da98f6b000 JavaThread "C1 CompilerThread8" daemon [_thread_blocked, id=6924, stack(0x000000a297500000,0x000000a297600000)]
  0x000001da98f48800 JavaThread "C2 CompilerThread7" daemon [_thread_blocked, id=5880, stack(0x000000a297400000,0x000000a297500000)]
  0x000001da98f2f800 JavaThread "C2 CompilerThread6" daemon [_thread_blocked, id=8864, stack(0x000000a297300000,0x000000a297400000)]
  0x000001da98f1d000 JavaThread "C2 CompilerThread5" daemon [_thread_blocked, id=2176, stack(0x000000a297200000,0x000000a297300000)]
  0x000001da98f16800 JavaThread "C2 CompilerThread4" daemon [_thread_blocked, id=3740, stack(0x000000a297100000,0x000000a297200000)]
  0x000001da98f15000 JavaThread "C2 CompilerThread3" daemon [_thread_blocked, id=10188, stack(0x000000a297000000,0x000000a297100000)]
  0x000001da98f0e000 JavaThread "C2 CompilerThread2" daemon [_thread_blocked, id=8640, stack(0x000000a296f00000,0x000000a297000000)]
  0x000001da98f0d000 JavaThread "C2 CompilerThread1" daemon [_thread_blocked, id=9820, stack(0x000000a296e00000,0x000000a296f00000)]
  0x000001da98f0b800 JavaThread "C2 CompilerThread0" daemon [_thread_blocked, id=7060, stack(0x000000a296d00000,0x000000a296e00000)]
  0x000001da98eff800 JavaThread "Attach Listener" daemon [_thread_blocked, id=13692, stack(0x000000a296c00000,0x000000a296d00000)]
  0x000001da98eff000 JavaThread "Signal Dispatcher" daemon [_thread_blocked, id=3748, stack(0x000000a296b00000,0x000000a296c00000)]
  0x000001da98ed7000 JavaThread "Finalizer" daemon [_thread_blocked, id=9596, stack(0x000000a296a00000,0x000000a296b00000)]
  0x000001dafff3d000 JavaThread "Reference Handler" daemon [_thread_blocked, id=14412, stack(0x000000a296900000,0x000000a296a00000)]
  0x000001dafd905000 JavaThread "main" [_thread_blocked, id=8524, stack(0x000000a295a00000,0x000000a295b00000)]

Other Threads:
  0x000001dafff0b800 VMThread [stack: 0x000000a296800000,0x000000a296900000] [id=2476]
  0x000001da98fec800 WatcherThread [stack: 0x000000a297a00000,0x000000a297b00000] [id=14220]

=>0x000001dafd92a800 (exited) GCTaskThread [stack: 0x000000a296400000,0x000000a296500000] [id=10000]

VM state:at safepoint (normal execution)

VM Mutex/Monitor currently owned by a thread:  ([mutex/lock_event])
[0x000001dafd902470] Threads_lock - owner thread: 0x000001dafff0b800
[0x000001dafd904500] Heap_lock - owner thread: 0x000001da9fcdd800

heap address: 0x0000000700000000, size: 3072 MB, Compressed Oops mode: Zero based, Oop shift amount: 3
Narrow klass base: 0x0000000000000000, Narrow klass shift: 3
Compressed class space size: 1073741824 Address: 0x00000007c0000000

Heap:
 PSYoungGen      total 844288K, used 810045K [0x0000000780000000, 0x00000007be480000, 0x00000007c0000000)
  eden space 727040K, 100% used [0x0000000780000000,0x00000007ac600000,0x00000007ac600000)
  from space 117248K, 70% used [0x00000007ac600000,0x00000007b170f680,0x00000007b3880000)
  to   space 120320K, 65% used [0x00000007b6f00000,0x00000007bbc11f50,0x00000007be480000)
 ParOldGen       total 666112K, used 450217K [0x0000000700000000, 0x0000000728a80000, 0x0000000780000000)
  object space 666112K, 67% used [0x0000000700000000,0x000000071b7ae770,0x0000000728a80000)
 Metaspace       used 72492K, capacity 74530K, committed 74752K, reserved 1114112K
  class space    used 9184K, capacity 9612K, committed 9728K, reserved 1048576K

Card table byte_map: [0x000001daff730000,0x000001daffd40000] byte_map_base: 0x000001dafbf30000

Marking Bits: (ParMarkBitMap*) 0x000000005f4c7790
 Begin Bits: [0x000001da8f400000, 0x000001da92400000)
 End Bits:   [0x000001da92400000, 0x000001da95400000)

Polling page: 0x000001dafda40000

CodeCache: size=245760Kb used=63588Kb max_used=63752Kb free=182171Kb
 bounds [0x000001da80000000, 0x000001da83ea0000, 0x000001da8f000000]
 total_blobs=15954 nmethods=15135 adapters=728
 compilation: enabled

Compilation events (10 events):
Event: 1831.139 Thread 0x000001da98f93000 nmethod 20688 0x000001da83a7e9d0 code [0x000001da83a7eb20, 0x000001da83a7ec58]
Event: 1831.139 Thread 0x000001da98f93000 20689       1       org.gradle.internal.typeconversion.NotationConverterToNotationParserAdapter$ResultImpl::hasResult (5 bytes)
Event: 1831.139 Thread 0x000001da98f6b000 20690       3       org.codehaus.groovy.runtime.MetaClassHelper::convertToTypeArray (42 bytes)
Event: 1831.139 Thread 0x000001da98f93000 nmethod 20689 0x000001da8043ce90 code [0x000001da8043cfe0, 0x000001da8043d0f8]
Event: 1831.139 Thread 0x000001da98f8d800 nmethod 20687 0x000001da83a7dbd0 code [0x000001da83a7dda0, 0x000001da83a7e6b0]
Event: 1831.139 Thread 0x000001da98f15000 nmethod 20681 0x000001da8054e350 code [0x000001da8054e4a0, 0x000001da8054e598]
Event: 1831.140 Thread 0x000001da98f6b000 nmethod 20690 0x000001da80541050 code [0x000001da80541200, 0x000001da80541a70]
Event: 1831.140 Thread 0x000001da98f8d800 20691       3       org.gradle.api.internal.DelegatingDomainObjectSet::isEmpty (10 bytes)
Event: 1831.140 Thread 0x000001da98f8d800 nmethod 20691 0x000001da80433310 code [0x000001da80433480, 0x000001da804336b0]
Event: 1831.140 Thread 0x000001da98f8c000 nmethod 20684 0x000001da8366bb10 code [0x000001da8366bea0, 0x000001da8366e260]

GC Heap History (10 events):
Event: 410.162 GC heap after
Heap after GC invocations=62 (full 5):
 PSYoungGen      total 733184K, used 73676K [0x0000000780000000, 0x00000007b6c00000, 0x00000007c0000000)
  eden space 628736K, 0% used [0x0000000780000000,0x0000000780000000,0x00000007a6600000)
  from space 104448K, 70% used [0x00000007a6600000,0x00000007aadf3050,0x00000007acc00000)
  to   space 108032K, 0% used [0x00000007b0280000,0x00000007b0280000,0x00000007b6c00000)
 ParOldGen       total 666112K, used 440937K [0x0000000700000000, 0x0000000728a80000, 0x0000000780000000)
  object space 666112K, 66% used [0x0000000700000000,0x000000071ae9a550,0x0000000728a80000)
 Metaspace       used 69042K, capacity 70924K, committed 71168K, reserved 1112064K
  class space    used 8806K, capacity 9200K, committed 9216K, reserved 1048576K
}
Event: 411.979 GC heap before
{Heap before GC invocations=63 (full 5):
 PSYoungGen      total 733184K, used 702412K [0x0000000780000000, 0x00000007b6c00000, 0x00000007c0000000)
  eden space 628736K, 100% used [0x0000000780000000,0x00000007a6600000,0x00000007a6600000)
  from space 104448K, 70% used [0x00000007a6600000,0x00000007aadf3050,0x00000007acc00000)
  to   space 108032K, 0% used [0x00000007b0280000,0x00000007b0280000,0x00000007b6c00000)
 ParOldGen       total 666112K, used 440937K [0x0000000700000000, 0x0000000728a80000, 0x0000000780000000)
  object space 666112K, 66% used [0x0000000700000000,0x000000071ae9a550,0x0000000728a80000)
 Metaspace       used 69043K, capacity 70924K, committed 71168K, reserved 1112064K
  class space    used 8806K, capacity 9200K, committed 9216K, reserved 1048576K
Event: 412.022 GC heap after
Heap after GC invocations=63 (full 5):
 PSYoungGen      total 784896K, used 77592K [0x0000000780000000, 0x00000007b7300000, 0x00000007c0000000)
  eden space 676864K, 0% used [0x0000000780000000,0x0000000780000000,0x00000007a9500000)
  from space 108032K, 71% used [0x00000007b0280000,0x00000007b4e46078,0x00000007b6c00000)
  to   space 112128K, 0% used [0x00000007a9500000,0x00000007a9500000,0x00000007b0280000)
 ParOldGen       total 666112K, used 440945K [0x0000000700000000, 0x0000000728a80000, 0x0000000780000000)
  object space 666112K, 66% used [0x0000000700000000,0x000000071ae9c550,0x0000000728a80000)
 Metaspace       used 69043K, capacity 70924K, committed 71168K, reserved 1112064K
  class space    used 8806K, capacity 9200K, committed 9216K, reserved 1048576K
}
Event: 414.327 GC heap before
{Heap before GC invocations=64 (full 5):
 PSYoungGen      total 784896K, used 754456K [0x0000000780000000, 0x00000007b7300000, 0x00000007c0000000)
  eden space 676864K, 100% used [0x0000000780000000,0x00000007a9500000,0x00000007a9500000)
  from space 108032K, 71% used [0x00000007b0280000,0x00000007b4e46078,0x00000007b6c00000)
  to   space 112128K, 0% used [0x00000007a9500000,0x00000007a9500000,0x00000007b0280000)
 ParOldGen       total 666112K, used 440945K [0x0000000700000000, 0x0000000728a80000, 0x0000000780000000)
  object space 666112K, 66% used [0x0000000700000000,0x000000071ae9c550,0x0000000728a80000)
 Metaspace       used 69043K, capacity 70924K, committed 71168K, reserved 1112064K
  class space    used 8806K, capacity 9200K, committed 9216K, reserved 1048576K
Event: 414.365 GC heap after
Heap after GC invocations=64 (full 5):
 PSYoungGen      total 788992K, used 77705K [0x0000000780000000, 0x00000007ba900000, 0x00000007c0000000)
  eden space 676864K, 0% used [0x0000000780000000,0x0000000780000000,0x00000007a9500000)
  from space 112128K, 69% used [0x00000007a9500000,0x00000007ae0e26f8,0x00000007b0280000)
  to   space 115200K, 0% used [0x00000007b3880000,0x00000007b3880000,0x00000007ba900000)
 ParOldGen       total 666112K, used 440945K [0x0000000700000000, 0x0000000728a80000, 0x0000000780000000)
  object space 666112K, 66% used [0x0000000700000000,0x000000071ae9c550,0x0000000728a80000)
 Metaspace       used 69043K, capacity 70924K, committed 71168K, reserved 1112064K
  class space    used 8806K, capacity 9200K, committed 9216K, reserved 1048576K
}
Event: 416.571 GC heap before
{Heap before GC invocations=65 (full 5):
 PSYoungGen      total 788992K, used 754569K [0x0000000780000000, 0x00000007ba900000, 0x00000007c0000000)
  eden space 676864K, 100% used [0x0000000780000000,0x00000007a9500000,0x00000007a9500000)
  from space 112128K, 69% used [0x00000007a9500000,0x00000007ae0e26f8,0x00000007b0280000)
  to   space 115200K, 0% used [0x00000007b3880000,0x00000007b3880000,0x00000007ba900000)
 ParOldGen       total 666112K, used 440945K [0x0000000700000000, 0x0000000728a80000, 0x0000000780000000)
  object space 666112K, 66% used [0x0000000700000000,0x000000071ae9c550,0x0000000728a80000)
 Metaspace       used 69043K, capacity 70924K, committed 71168K, reserved 1112064K
  class space    used 8806K, capacity 9200K, committed 9216K, reserved 1048576K
Event: 416.614 GC heap after
Heap after GC invocations=65 (full 5):
 PSYoungGen      total 842240K, used 78060K [0x0000000780000000, 0x00000007bac00000, 0x00000007c0000000)
  eden space 727040K, 0% used [0x0000000780000000,0x0000000780000000,0x00000007ac600000)
  from space 115200K, 67% used [0x00000007b3880000,0x00000007b84bb090,0x00000007ba900000)
  to   space 117248K, 0% used [0x00000007ac600000,0x00000007ac600000,0x00000007b3880000)
 ParOldGen       total 666112K, used 440945K [0x0000000700000000, 0x0000000728a80000, 0x0000000780000000)
  object space 666112K, 66% used [0x0000000700000000,0x000000071ae9c550,0x0000000728a80000)
 Metaspace       used 69043K, capacity 70924K, committed 71168K, reserved 1112064K
  class space    used 8806K, capacity 9200K, committed 9216K, reserved 1048576K
}
Event: 418.979 GC heap before
{Heap before GC invocations=66 (full 5):
 PSYoungGen      total 842240K, used 805100K [0x0000000780000000, 0x00000007bac00000, 0x00000007c0000000)
  eden space 727040K, 100% used [0x0000000780000000,0x00000007ac600000,0x00000007ac600000)
  from space 115200K, 67% used [0x00000007b3880000,0x00000007b84bb090,0x00000007ba900000)
  to   space 117248K, 0% used [0x00000007ac600000,0x00000007ac600000,0x00000007b3880000)
 ParOldGen       total 666112K, used 440945K [0x0000000700000000, 0x0000000728a80000, 0x0000000780000000)
  object space 666112K, 66% used [0x0000000700000000,0x000000071ae9c550,0x0000000728a80000)
 Metaspace       used 69060K, capacity 70924K, committed 71168K, reserved 1112064K
  class space    used 8806K, capacity 9200K, committed 9216K, reserved 1048576K
Event: 419.022 GC heap after
Heap after GC invocations=66 (full 5):
 PSYoungGen      total 844288K, used 83005K [0x0000000780000000, 0x00000007be480000, 0x00000007c0000000)
  eden space 727040K, 0% used [0x0000000780000000,0x0000000780000000,0x00000007ac600000)
  from space 117248K, 70% used [0x00000007ac600000,0x00000007b170f680,0x00000007b3880000)
  to   space 120320K, 0% used [0x00000007b6f00000,0x00000007b6f00000,0x00000007be480000)
 ParOldGen       total 666112K, used 440953K [0x0000000700000000, 0x0000000728a80000, 0x0000000780000000)
  object space 666112K, 66% used [0x0000000700000000,0x000000071ae9e550,0x0000000728a80000)
 Metaspace       used 69060K, capacity 70924K, committed 71168K, reserved 1112064K
  class space    used 8806K, capacity 9200K, committed 9216K, reserved 1048576K
}
Event: 1831.141 GC heap before
{Heap before GC invocations=67 (full 5):
 PSYoungGen      total 844288K, used 810045K [0x0000000780000000, 0x00000007be480000, 0x00000007c0000000)
  eden space 727040K, 100% used [0x0000000780000000,0x00000007ac600000,0x00000007ac600000)
  from space 117248K, 70% used [0x00000007ac600000,0x00000007b170f680,0x00000007b3880000)
  to   space 120320K, 0% used [0x00000007b6f00000,0x00000007b6f00000,0x00000007be480000)
 ParOldGen       total 666112K, used 440953K [0x0000000700000000, 0x0000000728a80000, 0x0000000780000000)
  object space 666112K, 66% used [0x0000000700000000,0x000000071ae9e550,0x0000000728a80000)
 Metaspace       used 72492K, capacity 74530K, committed 74752K, reserved 1114112K
  class space    used 9184K, capacity 9612K, committed 9728K, reserved 1048576K

Deoptimization events (10 events):
Event: 1829.591 Thread 0x000001da9fcdd800 Uncommon trap: reason=class_check action=maybe_recompile pc=0x000001da82821de4 method=com.google.common.cache.LocalCache$Segment.get(Ljava/lang/Object;ILcom/google/common/cache/CacheLoader;)Ljava/lang/Object; @ 70
Event: 1829.677 Thread 0x000001da9fcdd800 Uncommon trap: reason=null_check action=make_not_entrant pc=0x000001da83d93e1c method=org.codehaus.groovy.ast.ClassNode.equals(Ljava/lang/Object;)Z @ 17
Event: 1829.706 Thread 0x000001da9fcdd800 Uncommon trap: reason=unstable_if action=reinterpret pc=0x000001da83bd7bfc method=org.objectweb.asm.ClassReader.readCode(Lorg/objectweb/asm/MethodVisitor;Lorg/objectweb/asm/Context;I)V @ 1417
Event: 1829.750 Thread 0x000001da9fcdd800 Uncommon trap: reason=class_check action=maybe_recompile pc=0x000001da82821de4 method=com.google.common.cache.LocalCache$Segment.get(Ljava/lang/Object;ILcom/google/common/cache/CacheLoader;)Ljava/lang/Object; @ 70
Event: 1829.778 Thread 0x000001da9fcdd800 Uncommon trap: reason=unstable_if action=reinterpret pc=0x000001da826cb2d8 method=com.esotericsoftware.kryo.io.Output.writeString(Ljava/lang/String;)V @ 18
Event: 1829.778 Thread 0x000001da9fcdd800 Uncommon trap: reason=unstable_if action=reinterpret pc=0x000001da826c8a58 method=com.esotericsoftware.kryo.io.Output.writeString(Ljava/lang/String;)V @ 18
Event: 1829.788 Thread 0x000001da9fcdd800 Uncommon trap: reason=class_check action=maybe_recompile pc=0x000001da82821de4 method=com.google.common.cache.LocalCache$Segment.get(Ljava/lang/Object;ILcom/google/common/cache/CacheLoader;)Ljava/lang/Object; @ 70
Event: 1831.121 Thread 0x000001da9fcdd800 Uncommon trap: reason=bimorphic action=maybe_recompile pc=0x000001da804a1550 method=com.google.common.collect.AbstractMapBasedMultimap.put(Ljava/lang/Object;Ljava/lang/Object;)Z @ 26
Event: 1831.133 Thread 0x000001da9fcdd800 Uncommon trap: reason=bimorphic action=maybe_recompile pc=0x000001da804a1550 method=com.google.common.collect.AbstractMapBasedMultimap.put(Ljava/lang/Object;Ljava/lang/Object;)Z @ 26
Event: 1831.140 Thread 0x000001da9fcdd800 Uncommon trap: reason=unstable_if action=reinterpret pc=0x000001da82b9b698 method=java.net.URI.needsNormalization(Ljava/lang/String;)I @ 62

Classes redefined (0 events):
No events

Internal exceptions (10 events):
Event: 426.798 Thread 0x000001da98f8e000 Exception <a 'java/lang/NoSuchMethodError': <clinit>> (0x000000079ad695e8) thrown at [J:\jenkins\tmp\workspace\build\src\hotspot\src\share\vm\prims\jni.cpp, line 1616]
Event: 426.798 Thread 0x000001da98f8e000 Exception <a 'java/lang/NoSuchMethodError': <clinit>> (0x000000079ad7cab0) thrown at [J:\jenkins\tmp\workspace\build\src\hotspot\src\share\vm\prims\jni.cpp, line 1616]
Event: 426.826 Thread 0x000001da98f90000 Exception <a 'java/lang/NoSuchMethodError': <clinit>> (0x000000079ce92158) thrown at [J:\jenkins\tmp\workspace\build\src\hotspot\src\share\vm\prims\jni.cpp, line 1616]
Event: 1829.525 Thread 0x000001da9fcdc800 Exception <a 'java/lang/NoSuchMethodError': <clinit>> (0x000000079ee14e98) thrown at [J:\jenkins\tmp\workspace\build\src\hotspot\src\share\vm\prims\jni.cpp, line 1616]
Event: 1829.540 Thread 0x000001da9fcdd800 Implicit null exception at 0x000001da8336a4b5 to 0x000001da83370bb1
Event: 1829.677 Thread 0x000001da9fcdd800 Implicit null exception at 0x000001da83d937c3 to 0x000001da83d93e0d
Event: 1829.737 Thread 0x000001da9fcdd800 Exception <a 'java/lang/ClassNotFoundException': ijresolvers_es8tgxwlg56esd94fv0ou39pcBeanInfo> (0x00000007a2846080) thrown at [J:\jenkins\tmp\workspace\build\src\hotspot\src\share\vm\classfile\systemDictionary.cpp, line 215]
Event: 1829.738 Thread 0x000001da9fcdd800 Exception <a 'java/lang/ClassNotFoundException': ijresolvers_es8tgxwlg56esd94fv0ou39pcCustomizer> (0x00000007a28516a8) thrown at [J:\jenkins\tmp\workspace\build\src\hotspot\src\share\vm\classfile\systemDictionary.cpp, line 215]
Event: 1829.741 Thread 0x000001da9fcdd800 Exception <a 'java/lang/ClassNotFoundException': org/gradle/execution/taskgraph/DefaultTaskExecutionGraphBeanInfo> (0x00000007a28c3e48) thrown at [J:\jenkins\tmp\workspace\build\src\hotspot\src\share\vm\classfile\systemDictionary.cpp, line 215]
Event: 1829.741 Thread 0x000001da9fcdd800 Exception <a 'java/lang/ClassNotFoundException': org/gradle/execution/taskgraph/DefaultTaskExecutionGraphCustomizer> (0x00000007a28ef8a8) thrown at [J:\jenkins\tmp\workspace\build\src\hotspot\src\share\vm\classfile\systemDictionary.cpp, line 215]

Events (10 events):
Event: 1831.140 Thread 0x000001da98f93000 flushing nmethod 0x000001da806510d0
Event: 1831.140 Thread 0x000001da98f93000 flushing nmethod 0x000001da80657750
Event: 1831.140 Thread 0x000001da9fcdd800 Uncommon trap: trap_request=0xffffff65 fr.pc=0x000001da82b9b698
Event: 1831.140 Thread 0x000001da9fcdd800 DEOPT PACKING pc=0x000001da82b9b698 sp=0x000000a297dfbc60
Event: 1831.140 Thread 0x000001da9fcdd800 DEOPT UNPACKING pc=0x000001da80045583 sp=0x000000a297dfbb58 mode 2
Event: 1831.140 Thread 0x000001da98f93000 flushing nmethod 0x000001da8066c810
Event: 1831.140 Thread 0x000001da98f93000 flushing nmethod 0x000001da8066d8d0
Event: 1831.140 Thread 0x000001da98f93000 flushing nmethod 0x000001da806bcd10
Event: 1831.140 Thread 0x000001da98f93000 flushing nmethod 0x000001da806e4790
Event: 1831.140 Executing VM operation: ParallelGCFailedAllocation


Dynamic libraries:
0x00007ff7b3040000 - 0x00007ff7b307a000 	C:\Program Files\AdoptOpenJDK\jdk-8.0.265.01-hotspot\bin\java.exe
0x00007ffe47250000 - 0x00007ffe47445000 	C:\Windows\SYSTEM32\ntdll.dll
0x00007ffe45440000 - 0x00007ffe454fd000 	C:\Windows\System32\KERNEL32.DLL
0x00007ffe44a40000 - 0x00007ffe44d07000 	C:\Windows\System32\KERNELBASE.dll
0x00007ffe46cd0000 - 0x00007ffe46d7a000 	C:\Windows\System32\ADVAPI32.dll
0x00007ffe452b0000 - 0x00007ffe4534e000 	C:\Windows\System32\msvcrt.dll
0x00007ffe45af0000 - 0x00007ffe45b8b000 	C:\Windows\System32\sechost.dll
0x00007ffe45620000 - 0x00007ffe45744000 	C:\Windows\System32\RPCRT4.dll
0x00007ffe45950000 - 0x00007ffe45af0000 	C:\Windows\System32\USER32.dll
0x00007ffe44f50000 - 0x00007ffe44f72000 	C:\Windows\System32\win32u.dll
0x00007ffe45b90000 - 0x00007ffe45bba000 	C:\Windows\System32\GDI32.dll
0x00007ffe44d10000 - 0x00007ffe44e19000 	C:\Windows\System32\gdi32full.dll
0x00007ffe45030000 - 0x00007ffe450cd000 	C:\Windows\System32\msvcp_win.dll
0x00007ffe44e50000 - 0x00007ffe44f50000 	C:\Windows\System32\ucrtbase.dll
0x00007ffe43db0000 - 0x00007ffe4404b000 	C:\Windows\WinSxS\amd64_microsoft.windows.common-controls_6595b64144ccf1df_6.0.19041.488_none_ca04af081b815d21\COMCTL32.dll
0x00007ffe45bc0000 - 0x00007ffe45bf0000 	C:\Windows\System32\IMM32.DLL
0x00007ffe238e0000 - 0x00007ffe239cf000 	C:\Program Files\AdoptOpenJDK\jdk-8.0.265.01-hotspot\jre\bin\msvcr120.dll
0x00007ffe2cb10000 - 0x00007ffe2cbb6000 	C:\Program Files\AdoptOpenJDK\jdk-8.0.265.01-hotspot\jre\bin\msvcp120.dll
0x000000005ece0000 - 0x000000005f546000 	C:\Program Files\AdoptOpenJDK\jdk-8.0.265.01-hotspot\jre\bin\server\jvm.dll
0x00007ffe46ae0000 - 0x00007ffe46ae8000 	C:\Windows\System32\PSAPI.DLL
0x00007ffe44380000 - 0x00007ffe44389000 	C:\Windows\SYSTEM32\WSOCK32.dll
0x00007ffe37ea0000 - 0x00007ffe37ec7000 	C:\Windows\SYSTEM32\WINMM.dll
0x00007ffe41620000 - 0x00007ffe4162a000 	C:\Windows\SYSTEM32\VERSION.dll
0x00007ffe458e0000 - 0x00007ffe4594b000 	C:\Windows\System32\WS2_32.dll
0x00007ffe42a70000 - 0x00007ffe42a7f000 	C:\Program Files\AdoptOpenJDK\jdk-8.0.265.01-hotspot\jre\bin\verify.dll
0x00007ffe3e960000 - 0x00007ffe3e988000 	C:\Program Files\AdoptOpenJDK\jdk-8.0.265.01-hotspot\jre\bin\java.dll
0x00007ffe3e8f0000 - 0x00007ffe3e906000 	C:\Program Files\AdoptOpenJDK\jdk-8.0.265.01-hotspot\jre\bin\zip.dll
0x00007ffe46390000 - 0x00007ffe46ad1000 	C:\Windows\System32\SHELL32.dll
0x00007ffe41d40000 - 0x00007ffe424d3000 	C:\Windows\SYSTEM32\windows.storage.dll
0x00007ffe46d80000 - 0x00007ffe470d5000 	C:\Windows\System32\combase.dll
0x00007ffe43d10000 - 0x00007ffe43d3c000 	C:\Windows\SYSTEM32\Wldp.dll
0x00007ffe46af0000 - 0x00007ffe46b9e000 	C:\Windows\System32\SHCORE.dll
0x00007ffe45350000 - 0x00007ffe453a5000 	C:\Windows\System32\shlwapi.dll
0x00007ffe448c0000 - 0x00007ffe448e6000 	C:\Windows\SYSTEM32\profapi.dll
0x00007ffe3d540000 - 0x00007ffe3d55a000 	C:\Program Files\AdoptOpenJDK\jdk-8.0.265.01-hotspot\jre\bin\net.dll
0x00007ffe43a90000 - 0x00007ffe43afa000 	C:\Windows\system32\mswsock.dll
0x00007ffe2f340000 - 0x00007ffe2f352000 	C:\Program Files\AdoptOpenJDK\jdk-8.0.265.01-hotspot\jre\bin\nio.dll
0x00007ffe2c7f0000 - 0x00007ffe2c80e000 	C:\Users\Craig\.gradle\native\25\windows-amd64\native-platform.dll
0x00007ffe42a60000 - 0x00007ffe42a6d000 	C:\Program Files\AdoptOpenJDK\jdk-8.0.265.01-hotspot\jre\bin\management.dll
0x00007ffe44640000 - 0x00007ffe44658000 	C:\Windows\SYSTEM32\CRYPTSP.dll
0x00007ffe43440000 - 0x00007ffe43474000 	C:\Windows\system32\rsaenh.dll
0x00007ffe44e20000 - 0x00007ffe44e47000 	C:\Windows\System32\bcrypt.dll
0x00007ffe44880000 - 0x00007ffe448ae000 	C:\Windows\SYSTEM32\USERENV.dll
0x00007ffe450d0000 - 0x00007ffe4514f000 	C:\Windows\System32\bcryptprimitives.dll
0x00007ffe43c60000 - 0x00007ffe43c6c000 	C:\Windows\SYSTEM32\CRYPTBASE.dll
0x00007ffe43780000 - 0x00007ffe437bb000 	C:\Windows\SYSTEM32\IPHLPAPI.DLL
0x00007ffe458d0000 - 0x00007ffe458d9000 	C:\Windows\System32\NSI.dll
0x00007ffe3d990000 - 0x00007ffe3d9a7000 	C:\Windows\SYSTEM32\dhcpcsvc6.DLL
0x00007ffe3e9e0000 - 0x00007ffe3e9fd000 	C:\Windows\SYSTEM32\dhcpcsvc.DLL
0x00007ffe437c0000 - 0x00007ffe4388b000 	C:\Windows\SYSTEM32\DNSAPI.dll
0x00007ffe2cae0000 - 0x00007ffe2cb03000 	C:\Program Files\AdoptOpenJDK\jdk-8.0.265.01-hotspot\jre\bin\sunec.dll
0x00007ffe35e50000 - 0x00007ffe35e5a000 	C:\Windows\System32\rasadhlp.dll
0x00007ffe35e90000 - 0x00007ffe35f0f000 	C:\Windows\System32\fwpuclnt.dll
0x00007ffe42580000 - 0x00007ffe4258c000 	C:\Program Files\AdoptOpenJDK\jdk-8.0.265.01-hotspot\jre\bin\sunmscapi.dll
0x00007ffe45150000 - 0x00007ffe452ad000 	C:\Windows\System32\CRYPT32.dll
0x00007ffe43d80000 - 0x00007ffe43da7000 	C:\Windows\SYSTEM32\ncrypt.dll
0x00007ffe43d40000 - 0x00007ffe43d7b000 	C:\Windows\SYSTEM32\NTASN1.dll
0x00007ffe44450000 - 0x00007ffe44634000 	C:\Windows\SYSTEM32\dbghelp.dll

VM Arguments:
jvm_args: -Xmx3G -Dfile.encoding=windows-1252 -Duser.country=GB -Duser.language=en -Duser.variant 
java_command: org.gradle.launcher.daemon.bootstrap.GradleDaemon 4.9
java_class_path (initial): C:\Users\Craig\.gradle\wrapper\dists\gradle-4.9-bin\e9cinqnqvph59rr7g70qubb4t\gradle-4.9\lib\gradle-launcher-4.9.jar
Launcher Type: SUN_STANDARD

Environment Variables:
JAVA_HOME=C:\Program Files\AdoptOpenJDK\jdk-8.0.265.01-hotspot\
PATH=C:\Program Files\AdoptOpenJDK\jdk-8.0.265.01-hotspot\bin;C:\Windows\system32;C:\Windows;C:\Windows\System32\Wbem;C:\Windows\System32\WindowsPowerShell\v1.0\;C:\Windows\System32\OpenSSH\;C:\Program Files\NVIDIA Corporation\NVIDIA NvDLISR;C:\Program Files (x86)\NVIDIA Corporation\PhysX\Common;C:\Program Files\Git\cmd;C:\Program Files\Microsoft VS Code\bin;C:\Users\Craig\AppData\Local\Microsoft\WindowsApps;;C:\Program Files\JetBrains\IntelliJ IDEA Community Edition 2020.2.2\bin;
USERNAME=Craig
OS=Windows_NT
PROCESSOR_IDENTIFIER=AMD64 Family 23 Model 8 Stepping 2, AuthenticAMD



---------------  S Y S T E M  ---------------

OS: Windows 10.0 , 64 bit Build 19041 (10.0.19041.292)

CPU:total 16 (initial active 16) (16 cores per cpu, 1 threads per core) family 23 model 8 stepping 2, cmov, cx8, fxsr, mmx, sse, sse2, sse3, ssse3, sse4.1, sse4.2, popcnt, avx, avx2, aes, clmul, mmxext, 3dnowpref, lzcnt, sse4a, tsc, tscinvbit, tscinv, bmi1

Memory: 4k page, physical 16710636k(6977580k free), swap 19725292k(5514988k free)

vm_info: OpenJDK 64-Bit Server VM (25.265-b01) for windows-amd64 JRE (1.8.0_265-b01), built on Jul 28 2020 15:11:27 by "jenkins" with MS VC++ 12.0 (VS2013)

time: Fri Sep 25 22:26:33 2020
timezone: GMT Summer Time
elapsed time: 1831 seconds (0d 0h 30m 31s)

